<?xml version="1.0" encoding="UTF-8"?>
<!-- Generated by org.testng.reporters.JUnitXMLReporter -->
<testsuite hostname="LVAGPLTP2391" ignored="0" name="Default test" tests="6" failures="0" timestamp="2019-11-21T16:02:10 EET" time="49.424" errors="0">
  <testcase name="validCredentials" time="9.344" classname="Project.SmokeTest"/>
  <testcase name="search_Product" time="11.855" classname="Project.SmokeTest"/>
  <testcase name="ShoppingCart_Summary" time="1.461" classname="Project.SmokeTest"/>
  <testcase name="DeleteItem" time="4.153" classname="Project.SmokeTest"/>
  <testcase name="ShoppingCart_Address" time="20.874" classname="Project.SmokeTest"/>
  <testcase name="ShoppingCart_Carrier" time="1.657" classname="Project.SmokeTest"/>
</testsuite> <!-- Default test -->
